CRITICAL - 2022-11-24 08:06:08 --> Undefined property: App\Controllers\Home::$load
in APPPATH/Controllers/Home.php on line 14.
 1 APPPATH/Controllers/Home.php(14): CodeIgniter\Debug\Exceptions->errorHandler()
 2 SYSTEMPATH/CodeIgniter.php(902): App\Controllers\Home->index()
 3 SYSTEMPATH/CodeIgniter.php(457): CodeIgniter\CodeIgniter->runController()
 4 SYSTEMPATH/CodeIgniter.php(340): CodeIgniter\CodeIgniter->handleRequest()
 5 FCPATH/index.php(67): CodeIgniter\CodeIgniter->run()
CRITICAL - 2022-11-24 08:18:24 --> Undefined property: App\Controllers\Home::$load
in APPPATH/Controllers/Home.php on line 14.
 1 APPPATH/Controllers/Home.php(14): CodeIgniter\Debug\Exceptions->errorHandler()
 2 SYSTEMPATH/CodeIgniter.php(902): App\Controllers\Home->index()
 3 SYSTEMPATH/CodeIgniter.php(457): CodeIgniter\CodeIgniter->runController()
 4 SYSTEMPATH/CodeIgniter.php(340): CodeIgniter\CodeIgniter->handleRequest()
 5 FCPATH/index.php(67): CodeIgniter\CodeIgniter->run()
CRITICAL - 2022-11-24 08:37:45 --> Undefined property: App\Controllers\Home::$load
in APPPATH/Controllers/Home.php on line 14.
 1 APPPATH/Controllers/Home.php(14): CodeIgniter\Debug\Exceptions->errorHandler()
 2 SYSTEMPATH/CodeIgniter.php(902): App\Controllers\Home->index()
 3 SYSTEMPATH/CodeIgniter.php(457): CodeIgniter\CodeIgniter->runController()
 4 SYSTEMPATH/CodeIgniter.php(340): CodeIgniter\CodeIgniter->handleRequest()
 5 FCPATH/index.php(67): CodeIgniter\CodeIgniter->run()
CRITICAL - 2022-11-24 08:38:32 --> Undefined property: App\Controllers\Home::$load
in APPPATH/Controllers/Home.php on line 14.
 1 APPPATH/Controllers/Home.php(14): CodeIgniter\Debug\Exceptions->errorHandler()
 2 SYSTEMPATH/CodeIgniter.php(902): App\Controllers\Home->index()
 3 SYSTEMPATH/CodeIgniter.php(457): CodeIgniter\CodeIgniter->runController()
 4 SYSTEMPATH/CodeIgniter.php(340): CodeIgniter\CodeIgniter->handleRequest()
 5 FCPATH/index.php(67): CodeIgniter\CodeIgniter->run()
CRITICAL - 2022-11-24 08:38:33 --> Undefined property: App\Controllers\Home::$load
in APPPATH/Controllers/Home.php on line 14.
 1 APPPATH/Controllers/Home.php(14): CodeIgniter\Debug\Exceptions->errorHandler()
 2 SYSTEMPATH/CodeIgniter.php(902): App\Controllers\Home->index()
 3 SYSTEMPATH/CodeIgniter.php(457): CodeIgniter\CodeIgniter->runController()
 4 SYSTEMPATH/CodeIgniter.php(340): CodeIgniter\CodeIgniter->handleRequest()
 5 FCPATH/index.php(67): CodeIgniter\CodeIgniter->run()
CRITICAL - 2022-11-24 08:38:37 --> Undefined property: App\Controllers\Home::$load
in APPPATH/Controllers/Home.php on line 14.
 1 APPPATH/Controllers/Home.php(14): CodeIgniter\Debug\Exceptions->errorHandler()
 2 SYSTEMPATH/CodeIgniter.php(902): App\Controllers\Home->index()
 3 SYSTEMPATH/CodeIgniter.php(457): CodeIgniter\CodeIgniter->runController()
 4 SYSTEMPATH/CodeIgniter.php(340): CodeIgniter\CodeIgniter->handleRequest()
 5 FCPATH/index.php(67): CodeIgniter\CodeIgniter->run()
CRITICAL - 2022-11-24 08:38:38 --> Undefined property: App\Controllers\Home::$load
in APPPATH/Controllers/Home.php on line 14.
 1 APPPATH/Controllers/Home.php(14): CodeIgniter\Debug\Exceptions->errorHandler()
 2 SYSTEMPATH/CodeIgniter.php(902): App\Controllers\Home->index()
 3 SYSTEMPATH/CodeIgniter.php(457): CodeIgniter\CodeIgniter->runController()
 4 SYSTEMPATH/CodeIgniter.php(340): CodeIgniter\CodeIgniter->handleRequest()
 5 FCPATH/index.php(67): CodeIgniter\CodeIgniter->run()
CRITICAL - 2022-11-24 08:38:39 --> Undefined property: App\Controllers\Home::$load
in APPPATH/Controllers/Home.php on line 14.
 1 APPPATH/Controllers/Home.php(14): CodeIgniter\Debug\Exceptions->errorHandler()
 2 SYSTEMPATH/CodeIgniter.php(902): App\Controllers\Home->index()
 3 SYSTEMPATH/CodeIgniter.php(457): CodeIgniter\CodeIgniter->runController()
 4 SYSTEMPATH/CodeIgniter.php(340): CodeIgniter\CodeIgniter->handleRequest()
 5 FCPATH/index.php(67): CodeIgniter\CodeIgniter->run()
CRITICAL - 2022-11-24 08:38:40 --> Undefined property: App\Controllers\Home::$load
in APPPATH/Controllers/Home.php on line 14.
 1 APPPATH/Controllers/Home.php(14): CodeIgniter\Debug\Exceptions->errorHandler()
 2 SYSTEMPATH/CodeIgniter.php(902): App\Controllers\Home->index()
 3 SYSTEMPATH/CodeIgniter.php(457): CodeIgniter\CodeIgniter->runController()
 4 SYSTEMPATH/CodeIgniter.php(340): CodeIgniter\CodeIgniter->handleRequest()
 5 FCPATH/index.php(67): CodeIgniter\CodeIgniter->run()
CRITICAL - 2022-11-24 08:38:43 --> Undefined property: App\Controllers\Home::$load
in APPPATH/Controllers/Home.php on line 14.
 1 APPPATH/Controllers/Home.php(14): CodeIgniter\Debug\Exceptions->errorHandler()
 2 SYSTEMPATH/CodeIgniter.php(902): App\Controllers\Home->index()
 3 SYSTEMPATH/CodeIgniter.php(457): CodeIgniter\CodeIgniter->runController()
 4 SYSTEMPATH/CodeIgniter.php(340): CodeIgniter\CodeIgniter->handleRequest()
 5 FCPATH/index.php(67): CodeIgniter\CodeIgniter->run()
CRITICAL - 2022-11-24 08:41:31 --> Undefined property: App\Controllers\Home::$load
in APPPATH/Controllers/Home.php on line 14.
 1 APPPATH/Controllers/Home.php(14): CodeIgniter\Debug\Exceptions->errorHandler()
 2 SYSTEMPATH/CodeIgniter.php(902): App\Controllers\Home->index()
 3 SYSTEMPATH/CodeIgniter.php(457): CodeIgniter\CodeIgniter->runController()
 4 SYSTEMPATH/CodeIgniter.php(340): CodeIgniter\CodeIgniter->handleRequest()
 5 FCPATH/index.php(67): CodeIgniter\CodeIgniter->run()
CRITICAL - 2022-11-24 08:41:39 --> Undefined property: App\Controllers\Home::$load
in APPPATH/Controllers/Home.php on line 14.
 1 APPPATH/Controllers/Home.php(14): CodeIgniter\Debug\Exceptions->errorHandler()
 2 SYSTEMPATH/CodeIgniter.php(902): App\Controllers\Home->index()
 3 SYSTEMPATH/CodeIgniter.php(457): CodeIgniter\CodeIgniter->runController()
 4 SYSTEMPATH/CodeIgniter.php(340): CodeIgniter\CodeIgniter->handleRequest()
 5 FCPATH/index.php(67): CodeIgniter\CodeIgniter->run()
CRITICAL - 2022-11-24 08:41:39 --> Undefined property: App\Controllers\Home::$load
in APPPATH/Controllers/Home.php on line 14.
 1 APPPATH/Controllers/Home.php(14): CodeIgniter\Debug\Exceptions->errorHandler()
 2 SYSTEMPATH/CodeIgniter.php(902): App\Controllers\Home->index()
 3 SYSTEMPATH/CodeIgniter.php(457): CodeIgniter\CodeIgniter->runController()
 4 SYSTEMPATH/CodeIgniter.php(340): CodeIgniter\CodeIgniter->handleRequest()
 5 FCPATH/index.php(67): CodeIgniter\CodeIgniter->run()
CRITICAL - 2022-11-24 08:41:39 --> Undefined property: App\Controllers\Home::$load
in APPPATH/Controllers/Home.php on line 14.
 1 APPPATH/Controllers/Home.php(14): CodeIgniter\Debug\Exceptions->errorHandler()
 2 SYSTEMPATH/CodeIgniter.php(902): App\Controllers\Home->index()
 3 SYSTEMPATH/CodeIgniter.php(457): CodeIgniter\CodeIgniter->runController()
 4 SYSTEMPATH/CodeIgniter.php(340): CodeIgniter\CodeIgniter->handleRequest()
 5 FCPATH/index.php(67): CodeIgniter\CodeIgniter->run()
CRITICAL - 2022-11-24 08:41:43 --> Undefined property: App\Controllers\Home::$load
in APPPATH/Controllers/Home.php on line 14.
 1 APPPATH/Controllers/Home.php(14): CodeIgniter\Debug\Exceptions->errorHandler()
 2 SYSTEMPATH/CodeIgniter.php(902): App\Controllers\Home->index()
 3 SYSTEMPATH/CodeIgniter.php(457): CodeIgniter\CodeIgniter->runController()
 4 SYSTEMPATH/CodeIgniter.php(340): CodeIgniter\CodeIgniter->handleRequest()
 5 FCPATH/index.php(67): CodeIgniter\CodeIgniter->run()
CRITICAL - 2022-11-24 08:41:44 --> Undefined property: App\Controllers\Home::$load
in APPPATH/Controllers/Home.php on line 14.
 1 APPPATH/Controllers/Home.php(14): CodeIgniter\Debug\Exceptions->errorHandler()
 2 SYSTEMPATH/CodeIgniter.php(902): App\Controllers\Home->index()
 3 SYSTEMPATH/CodeIgniter.php(457): CodeIgniter\CodeIgniter->runController()
 4 SYSTEMPATH/CodeIgniter.php(340): CodeIgniter\CodeIgniter->handleRequest()
 5 FCPATH/index.php(67): CodeIgniter\CodeIgniter->run()
CRITICAL - 2022-11-24 08:41:44 --> Undefined property: App\Controllers\Home::$load
in APPPATH/Controllers/Home.php on line 14.
 1 APPPATH/Controllers/Home.php(14): CodeIgniter\Debug\Exceptions->errorHandler()
 2 SYSTEMPATH/CodeIgniter.php(902): App\Controllers\Home->index()
 3 SYSTEMPATH/CodeIgniter.php(457): CodeIgniter\CodeIgniter->runController()
 4 SYSTEMPATH/CodeIgniter.php(340): CodeIgniter\CodeIgniter->handleRequest()
 5 FCPATH/index.php(67): CodeIgniter\CodeIgniter->run()
CRITICAL - 2022-11-24 08:41:44 --> Undefined property: App\Controllers\Home::$load
in APPPATH/Controllers/Home.php on line 14.
 1 APPPATH/Controllers/Home.php(14): CodeIgniter\Debug\Exceptions->errorHandler()
 2 SYSTEMPATH/CodeIgniter.php(902): App\Controllers\Home->index()
 3 SYSTEMPATH/CodeIgniter.php(457): CodeIgniter\CodeIgniter->runController()
 4 SYSTEMPATH/CodeIgniter.php(340): CodeIgniter\CodeIgniter->handleRequest()
 5 FCPATH/index.php(67): CodeIgniter\CodeIgniter->run()
CRITICAL - 2022-11-24 08:41:44 --> Undefined property: App\Controllers\Home::$load
in APPPATH/Controllers/Home.php on line 14.
 1 APPPATH/Controllers/Home.php(14): CodeIgniter\Debug\Exceptions->errorHandler()
 2 SYSTEMPATH/CodeIgniter.php(902): App\Controllers\Home->index()
 3 SYSTEMPATH/CodeIgniter.php(457): CodeIgniter\CodeIgniter->runController()
 4 SYSTEMPATH/CodeIgniter.php(340): CodeIgniter\CodeIgniter->handleRequest()
 5 FCPATH/index.php(67): CodeIgniter\CodeIgniter->run()
CRITICAL - 2022-11-24 08:41:45 --> Undefined property: App\Controllers\Home::$load
in APPPATH/Controllers/Home.php on line 14.
 1 APPPATH/Controllers/Home.php(14): CodeIgniter\Debug\Exceptions->errorHandler()
 2 SYSTEMPATH/CodeIgniter.php(902): App\Controllers\Home->index()
 3 SYSTEMPATH/CodeIgniter.php(457): CodeIgniter\CodeIgniter->runController()
 4 SYSTEMPATH/CodeIgniter.php(340): CodeIgniter\CodeIgniter->handleRequest()
 5 FCPATH/index.php(67): CodeIgniter\CodeIgniter->run()
CRITICAL - 2022-11-24 08:41:45 --> Undefined property: App\Controllers\Home::$load
in APPPATH/Controllers/Home.php on line 14.
 1 APPPATH/Controllers/Home.php(14): CodeIgniter\Debug\Exceptions->errorHandler()
 2 SYSTEMPATH/CodeIgniter.php(902): App\Controllers\Home->index()
 3 SYSTEMPATH/CodeIgniter.php(457): CodeIgniter\CodeIgniter->runController()
 4 SYSTEMPATH/CodeIgniter.php(340): CodeIgniter\CodeIgniter->handleRequest()
 5 FCPATH/index.php(67): CodeIgniter\CodeIgniter->run()
CRITICAL - 2022-11-24 08:41:45 --> Undefined property: App\Controllers\Home::$load
in APPPATH/Controllers/Home.php on line 14.
 1 APPPATH/Controllers/Home.php(14): CodeIgniter\Debug\Exceptions->errorHandler()
 2 SYSTEMPATH/CodeIgniter.php(902): App\Controllers\Home->index()
 3 SYSTEMPATH/CodeIgniter.php(457): CodeIgniter\CodeIgniter->runController()
 4 SYSTEMPATH/CodeIgniter.php(340): CodeIgniter\CodeIgniter->handleRequest()
 5 FCPATH/index.php(67): CodeIgniter\CodeIgniter->run()
CRITICAL - 2022-11-24 08:41:46 --> Undefined property: App\Controllers\Home::$load
in APPPATH/Controllers/Home.php on line 14.
 1 APPPATH/Controllers/Home.php(14): CodeIgniter\Debug\Exceptions->errorHandler()
 2 SYSTEMPATH/CodeIgniter.php(902): App\Controllers\Home->index()
 3 SYSTEMPATH/CodeIgniter.php(457): CodeIgniter\CodeIgniter->runController()
 4 SYSTEMPATH/CodeIgniter.php(340): CodeIgniter\CodeIgniter->handleRequest()
 5 FCPATH/index.php(67): CodeIgniter\CodeIgniter->run()
CRITICAL - 2022-11-24 08:41:46 --> Undefined property: App\Controllers\Home::$load
in APPPATH/Controllers/Home.php on line 14.
 1 APPPATH/Controllers/Home.php(14): CodeIgniter\Debug\Exceptions->errorHandler()
 2 SYSTEMPATH/CodeIgniter.php(902): App\Controllers\Home->index()
 3 SYSTEMPATH/CodeIgniter.php(457): CodeIgniter\CodeIgniter->runController()
 4 SYSTEMPATH/CodeIgniter.php(340): CodeIgniter\CodeIgniter->handleRequest()
 5 FCPATH/index.php(67): CodeIgniter\CodeIgniter->run()
CRITICAL - 2022-11-24 08:41:57 --> Undefined property: App\Controllers\Home::$load
in APPPATH/Controllers/Home.php on line 14.
 1 APPPATH/Controllers/Home.php(14): CodeIgniter\Debug\Exceptions->errorHandler()
 2 SYSTEMPATH/CodeIgniter.php(902): App\Controllers\Home->index()
 3 SYSTEMPATH/CodeIgniter.php(457): CodeIgniter\CodeIgniter->runController()
 4 SYSTEMPATH/CodeIgniter.php(340): CodeIgniter\CodeIgniter->handleRequest()
 5 FCPATH/index.php(67): CodeIgniter\CodeIgniter->run()
CRITICAL - 2022-11-24 08:42:02 --> Undefined property: App\Controllers\Home::$load
in APPPATH/Controllers/Home.php on line 14.
 1 APPPATH/Controllers/Home.php(14): CodeIgniter\Debug\Exceptions->errorHandler()
 2 SYSTEMPATH/CodeIgniter.php(902): App\Controllers\Home->index()
 3 SYSTEMPATH/CodeIgniter.php(457): CodeIgniter\CodeIgniter->runController()
 4 SYSTEMPATH/CodeIgniter.php(340): CodeIgniter\CodeIgniter->handleRequest()
 5 FCPATH/index.php(67): CodeIgniter\CodeIgniter->run()
CRITICAL - 2022-11-24 08:42:02 --> Undefined property: App\Controllers\Home::$load
in APPPATH/Controllers/Home.php on line 14.
 1 APPPATH/Controllers/Home.php(14): CodeIgniter\Debug\Exceptions->errorHandler()
 2 SYSTEMPATH/CodeIgniter.php(902): App\Controllers\Home->index()
 3 SYSTEMPATH/CodeIgniter.php(457): CodeIgniter\CodeIgniter->runController()
 4 SYSTEMPATH/CodeIgniter.php(340): CodeIgniter\CodeIgniter->handleRequest()
 5 FCPATH/index.php(67): CodeIgniter\CodeIgniter->run()
